# JRE version: OpenJDK Runtime Environment Temurin-21.0.8+9 (21.0.8+9) (build 21.0.8+9-LTS)
# Java VM: OpenJDK 64-Bit Server VM Temurin-21.0.8+9 (21.0.8+9-LTS, mixed mode, sharing, tiered, compressed oops, compressed class ptrs, parallel gc, windows-amd64)
GC Precious Log:
 CardTable entry size: 512
 CPUs: 8 total, 8 available
 Memory: 6081M
 Large Page Support: Disabled
 NUMA Support: Disabled
 Compressed Oops: Enabled (32-bit)
 Alignments: Space 512K, Generation 512K, Heap 2M
 Heap Min Capacity: 100M
 Heap Initial Capacity: 100M
 Heap Max Capacity: 2G
 Pre-touch: Disabled
 Parallel Workers: 8
Heap:
 PSYoungGen      total 7168K, used 6658K [0x00000000d5580000, 0x00000000d5f80000, 0x0000000100000000)
  eden space 4096K, 97% used [0x00000000d5580000,0x00000000d5964948,0x00000000d5980000)
  from space 3072K, 86% used [0x00000000d5a00000,0x00000000d5c9c000,0x00000000d5d00000)
  to   space 2560K, 0% used [0x00000000d5d00000,0x00000000d5d00000,0x00000000d5f80000)
 ParOldGen       total 797184K, used 797009K [0x0000000080000000, 0x00000000b0a80000, 0x00000000d5580000)
  object space 797184K, 99% used [0x0000000080000000,0x00000000b0a547e0,0x00000000b0a80000)
 Metaspace       used 74497K, committed 75968K, reserved 1179648K
  class space    used 7585K, committed 8256K, reserved 1048576K
GC Heap History (20 events):
Event: 1569.581 GC heap before
{Heap before GC invocations=1090 (full 4):
 PSYoungGen      total 3072K, used 3040K [0x00000000d5580000, 0x00000000d5d00000, 0x0000000100000000)
  eden space 2048K, 100% used [0x00000000d5580000,0x00000000d5780000,0x00000000d5780000)
  from space 1024K, 96% used [0x00000000d5780000,0x00000000d5878220,0x00000000d5880000)
  to   space 2560K, 0% used [0x00000000d5a80000,0x00000000d5a80000,0x00000000d5d00000)
 ParOldGen       total 783360K, used 782875K [0x0000000080000000, 0x00000000afd00000, 0x00000000d5580000)
  object space 783360K, 99% used [0x0000000080000000,0x00000000afc86fc8,0x00000000afd00000)
 Metaspace       used 74493K, committed 75968K, reserved 1179648K
  class space    used 7585K, committed 8256K, reserved 1048576K
}
Event: 1569.595 GC heap after
{Heap after GC invocations=1090 (full 4):
 PSYoungGen      total 4608K, used 1600K [0x00000000d5580000, 0x00000000d5c80000, 0x0000000100000000)
  eden space 2560K, 0% used [0x00000000d5580000,0x00000000d5580000,0x00000000d5800000)
  from space 2048K, 78% used [0x00000000d5a80000,0x00000000d5c10000,0x00000000d5c80000)
  to   space 2048K, 0% used [0x00000000d5880000,0x00000000d5880000,0x00000000d5a80000)
 ParOldGen       total 784384K, used 783888K [0x0000000080000000, 0x00000000afe00000, 0x00000000d5580000)
  object space 784384K, 99% used [0x0000000080000000,0x00000000afd840e8,0x00000000afe00000)
 Metaspace       used 74493K, committed 75968K, reserved 1179648K
  class space    used 7585K, committed 8256K, reserved 1048576K
}
Event: 1569.752 GC heap before
{Heap before GC invocations=1091 (full 4):
 PSYoungGen      total 4608K, used 4160K [0x00000000d5580000, 0x00000000d5c80000, 0x0000000100000000)
  eden space 2560K, 100% used [0x00000000d5580000,0x00000000d5800000,0x00000000d5800000)
  from space 2048K, 78% used [0x00000000d5a80000,0x00000000d5c10000,0x00000000d5c80000)
  to   space 2048K, 0% used [0x00000000d5880000,0x00000000d5880000,0x00000000d5a80000)
 ParOldGen       total 784384K, used 783888K [0x0000000080000000, 0x00000000afe00000, 0x00000000d5580000)
  object space 784384K, 99% used [0x0000000080000000,0x00000000afd840e8,0x00000000afe00000)
 Metaspace       used 74493K, committed 75968K, reserved 1179648K
  class space    used 7585K, committed 8256K, reserved 1048576K
}
Event: 1569.763 GC heap after
{Heap after GC invocations=1091 (full 4):
 PSYoungGen      total 5120K, used 1584K [0x00000000d5580000, 0x00000000d5c80000, 0x0000000100000000)
  eden space 3072K, 0% used [0x00000000d5580000,0x00000000d5580000,0x00000000d5880000)
  from space 2048K, 77% used [0x00000000d5880000,0x00000000d5a0c000,0x00000000d5a80000)
  to   space 2048K, 0% used [0x00000000d5a80000,0x00000000d5a80000,0x00000000d5c80000)
 ParOldGen       total 785408K, used 785336K [0x0000000080000000, 0x00000000aff00000, 0x00000000d5580000)
  object space 785408K, 99% used [0x0000000080000000,0x00000000afeee0e8,0x00000000aff00000)
 Metaspace       used 74493K, committed 75968K, reserved 1179648K
  class space    used 7585K, committed 8256K, reserved 1048576K
}
Event: 1578.548 GC heap before
{Heap before GC invocations=1092 (full 4):
 PSYoungGen      total 5120K, used 4656K [0x00000000d5580000, 0x00000000d5c80000, 0x0000000100000000)
  eden space 3072K, 100% used [0x00000000d5580000,0x00000000d5880000,0x00000000d5880000)
  from space 2048K, 77% used [0x00000000d5880000,0x00000000d5a0c000,0x00000000d5a80000)
  to   space 2048K, 0% used [0x00000000d5a80000,0x00000000d5a80000,0x00000000d5c80000)
 ParOldGen       total 785408K, used 785336K [0x0000000080000000, 0x00000000aff00000, 0x00000000d5580000)
  object space 785408K, 99% used [0x0000000080000000,0x00000000afeee0e8,0x00000000aff00000)
 Metaspace       used 74493K, committed 75968K, reserved 1179648K
  class space    used 7585K, committed 8256K, reserved 1048576K
}
Event: 1578.559 GC heap after
{Heap after GC invocations=1092 (full 4):
 PSYoungGen      total 4096K, used 736K [0x00000000d5580000, 0x00000000d5b80000, 0x0000000100000000)
  eden space 3072K, 0% used [0x00000000d5580000,0x00000000d5580000,0x00000000d5880000)
  from space 1024K, 71% used [0x00000000d5a80000,0x00000000d5b38000,0x00000000d5b80000)
  to   space 1536K, 0% used [0x00000000d5880000,0x00000000d5880000,0x00000000d5a00000)
 ParOldGen       total 786944K, used 786850K [0x0000000080000000, 0x00000000b0080000, 0x00000000d5580000)
  object space 786944K, 99% used [0x0000000080000000,0x00000000b0068a40,0x00000000b0080000)
 Metaspace       used 74493K, committed 75968K, reserved 1179648K
  class space    used 7585K, committed 8256K, reserved 1048576K
}
Event: 1578.711 GC heap before
{Heap before GC invocations=1093 (full 4):
 PSYoungGen      total 4096K, used 3808K [0x00000000d5580000, 0x00000000d5b80000, 0x0000000100000000)
  eden space 3072K, 100% used [0x00000000d5580000,0x00000000d5880000,0x00000000d5880000)
  from space 1024K, 71% used [0x00000000d5a80000,0x00000000d5b38000,0x00000000d5b80000)
  to   space 1536K, 0% used [0x00000000d5880000,0x00000000d5880000,0x00000000d5a00000)
 ParOldGen       total 786944K, used 786850K [0x0000000080000000, 0x00000000b0080000, 0x00000000d5580000)
  object space 786944K, 99% used [0x0000000080000000,0x00000000b0068a40,0x00000000b0080000)
 Metaspace       used 74493K, committed 75968K, reserved 1179648K
  class space    used 7585K, committed 8256K, reserved 1048576K
}
Event: 1578.718 GC heap after
{Heap after GC invocations=1093 (full 4):
 PSYoungGen      total 4608K, used 784K [0x00000000d5580000, 0x00000000d5b00000, 0x0000000100000000)
  eden space 3072K, 0% used [0x00000000d5580000,0x00000000d5580000,0x00000000d5880000)
  from space 1536K, 51% used [0x00000000d5880000,0x00000000d5944010,0x00000000d5a00000)
  to   space 1024K, 0% used [0x00000000d5a00000,0x00000000d5a00000,0x00000000d5b00000)
 ParOldGen       total 787968K, used 787538K [0x0000000080000000, 0x00000000b0180000, 0x00000000d5580000)
  object space 787968K, 99% used [0x0000000080000000,0x00000000b01148c8,0x00000000b0180000)
 Metaspace       used 74493K, committed 75968K, reserved 1179648K
  class space    used 7585K, committed 8256K, reserved 1048576K
}
Event: 1578.751 GC heap before
{Heap before GC invocations=1094 (full 4):
 PSYoungGen      total 4608K, used 3855K [0x00000000d5580000, 0x00000000d5b00000, 0x0000000100000000)
  eden space 3072K, 99% used [0x00000000d5580000,0x00000000d587ffe8,0x00000000d5880000)
  from space 1536K, 51% used [0x00000000d5880000,0x00000000d5944010,0x00000000d5a00000)
  to   space 1024K, 0% used [0x00000000d5a00000,0x00000000d5a00000,0x00000000d5b00000)
 ParOldGen       total 787968K, used 787538K [0x0000000080000000, 0x00000000b0180000, 0x00000000d5580000)
  object space 787968K, 99% used [0x0000000080000000,0x00000000b01148c8,0x00000000b0180000)
 Metaspace       used 74493K, committed 75968K, reserved 1179648K
  class space    used 7585K, committed 8256K, reserved 1048576K
}
Event: 1578.758 GC heap after
{Heap after GC invocations=1094 (full 4):
 PSYoungGen      total 3072K, used 1011K [0x00000000d5580000, 0x00000000d5d80000, 0x0000000100000000)
  eden space 2048K, 0% used [0x00000000d5580000,0x00000000d5580000,0x00000000d5780000)
  from space 1024K, 98% used [0x00000000d5a00000,0x00000000d5afce08,0x00000000d5b00000)
  to   space 2560K, 0% used [0x00000000d5780000,0x00000000d5780000,0x00000000d5a00000)
 ParOldGen       total 788480K, used 788456K [0x0000000080000000, 0x00000000b0200000, 0x00000000d5580000)
  object space 788480K, 99% used [0x0000000080000000,0x00000000b01fa028,0x00000000b0200000)
 Metaspace       used 74493K, committed 75968K, reserved 1179648K
  class space    used 7585K, committed 8256K, reserved 1048576K
}
Event: 1578.776 GC heap before
{Heap before GC invocations=1095 (full 4):
 PSYoungGen      total 3072K, used 3059K [0x00000000d5580000, 0x00000000d5d80000, 0x0000000100000000)
  eden space 2048K, 100% used [0x00000000d5580000,0x00000000d5780000,0x00000000d5780000)
  from space 1024K, 98% used [0x00000000d5a00000,0x00000000d5afce08,0x00000000d5b00000)
  to   space 2560K, 0% used [0x00000000d5780000,0x00000000d5780000,0x00000000d5a00000)
 ParOldGen       total 788480K, used 788456K [0x0000000080000000, 0x00000000b0200000, 0x00000000d5580000)
  object space 788480K, 99% used [0x0000000080000000,0x00000000b01fa028,0x00000000b0200000)
 Metaspace       used 74493K, committed 75968K, reserved 1179648K
  class space    used 7585K, committed 8256K, reserved 1048576K
}
Event: 1578.786 GC heap after
{Heap after GC invocations=1095 (full 4):
 PSYoungGen      total 4608K, used 1568K [0x00000000d5580000, 0x00000000d5c00000, 0x0000000100000000)
  eden space 2048K, 0% used [0x00000000d5580000,0x00000000d5580000,0x00000000d5780000)
  from space 2560K, 61% used [0x00000000d5780000,0x00000000d5908000,0x00000000d5a00000)
  to   space 2048K, 0% used [0x00000000d5a00000,0x00000000d5a00000,0x00000000d5c00000)
 ParOldGen       total 789504K, used 789459K [0x0000000080000000, 0x00000000b0300000, 0x00000000d5580000)
  object space 789504K, 99% used [0x0000000080000000,0x00000000b02f4e40,0x00000000b0300000)
 Metaspace       used 74493K, committed 75968K, reserved 1179648K
  class space    used 7585K, committed 8256K, reserved 1048576K
}
Event: 1578.803 GC heap before
{Heap before GC invocations=1096 (full 4):
 PSYoungGen      total 4608K, used 3616K [0x00000000d5580000, 0x00000000d5c00000, 0x0000000100000000)
  eden space 2048K, 100% used [0x00000000d5580000,0x00000000d5780000,0x00000000d5780000)
  from space 2560K, 61% used [0x00000000d5780000,0x00000000d5908000,0x00000000d5a00000)
  to   space 2048K, 0% used [0x00000000d5a00000,0x00000000d5a00000,0x00000000d5c00000)
 ParOldGen       total 789504K, used 789459K [0x0000000080000000, 0x00000000b0300000, 0x00000000d5580000)
  object space 789504K, 99% used [0x0000000080000000,0x00000000b02f4e40,0x00000000b0300000)
 Metaspace       used 74493K, committed 75968K, reserved 1179648K
  class space    used 7585K, committed 8256K, reserved 1048576K
}
Event: 1578.812 GC heap after
{Heap after GC invocations=1096 (full 4):
 PSYoungGen      total 4608K, used 1856K [0x00000000d5580000, 0x00000000d5c00000, 0x0000000100000000)
  eden space 2560K, 0% used [0x00000000d5580000,0x00000000d5580000,0x00000000d5800000)
  from space 2048K, 90% used [0x00000000d5a00000,0x00000000d5bd0000,0x00000000d5c00000)
  to   space 2048K, 0% used [0x00000000d5800000,0x00000000d5800000,0x00000000d5a00000)
 ParOldGen       total 791040K, used 790947K [0x0000000080000000, 0x00000000b0480000, 0x00000000d5580000)
  object space 791040K, 99% used [0x0000000080000000,0x00000000b0468e40,0x00000000b0480000)
 Metaspace       used 74493K, committed 75968K, reserved 1179648K
  class space    used 7585K, committed 8256K, reserved 1048576K
}
Event: 1578.837 GC heap before
{Heap before GC invocations=1097 (full 4):
 PSYoungGen      total 4608K, used 4255K [0x00000000d5580000, 0x00000000d5c00000, 0x0000000100000000)
  eden space 2560K, 93% used [0x00000000d5580000,0x00000000d57d7f50,0x00000000d5800000)
  from space 2048K, 90% used [0x00000000d5a00000,0x00000000d5bd0000,0x00000000d5c00000)
  to   space 2048K, 0% used [0x00000000d5800000,0x00000000d5800000,0x00000000d5a00000)
 ParOldGen       total 791040K, used 790947K [0x0000000080000000, 0x00000000b0480000, 0x00000000d5580000)
  object space 791040K, 99% used [0x0000000080000000,0x00000000b0468e40,0x00000000b0480000)
 Metaspace       used 74493K, committed 75968K, reserved 1179648K
  class space    used 7585K, committed 8256K, reserved 1048576K
}
Event: 1578.848 GC heap after
{Heap after GC invocations=1097 (full 4):
 PSYoungGen      total 4608K, used 2036K [0x00000000d5580000, 0x00000000d6180000, 0x0000000100000000)
  eden space 2560K, 0% used [0x00000000d5580000,0x00000000d5580000,0x00000000d5800000)
  from space 2048K, 99% used [0x00000000d5800000,0x00000000d59fd000,0x00000000d5a00000)
  to   space 4608K, 0% used [0x00000000d5d00000,0x00000000d5d00000,0x00000000d6180000)
 ParOldGen       total 793088K, used 792817K [0x0000000080000000, 0x00000000b0680000, 0x00000000d5580000)
  object space 793088K, 99% used [0x0000000080000000,0x00000000b063c5c0,0x00000000b0680000)
 Metaspace       used 74493K, committed 75968K, reserved 1179648K
  class space    used 7585K, committed 8256K, reserved 1048576K
}
Event: 1578.907 GC heap before
{Heap before GC invocations=1098 (full 4):
 PSYoungGen      total 4608K, used 4596K [0x00000000d5580000, 0x00000000d6180000, 0x0000000100000000)
  eden space 2560K, 100% used [0x00000000d5580000,0x00000000d5800000,0x00000000d5800000)
  from space 2048K, 99% used [0x00000000d5800000,0x00000000d59fd000,0x00000000d5a00000)
  to   space 4608K, 0% used [0x00000000d5d00000,0x00000000d5d00000,0x00000000d6180000)
 ParOldGen       total 793088K, used 792817K [0x0000000080000000, 0x00000000b0680000, 0x00000000d5580000)
  object space 793088K, 99% used [0x0000000080000000,0x00000000b063c5c0,0x00000000b0680000)
 Metaspace       used 74493K, committed 75968K, reserved 1179648K
  class space    used 7585K, committed 8256K, reserved 1048576K
}
Event: 1578.919 GC heap after
{Heap after GC invocations=1098 (full 4):
 PSYoungGen      total 6144K, used 2568K [0x00000000d5580000, 0x00000000d6000000, 0x0000000100000000)
  eden space 3072K, 0% used [0x00000000d5580000,0x00000000d5580000,0x00000000d5880000)
  from space 3072K, 83% used [0x00000000d5d00000,0x00000000d5f82220,0x00000000d6000000)
  to   space 3072K, 0% used [0x00000000d5a00000,0x00000000d5a00000,0x00000000d5d00000)
 ParOldGen       total 794624K, used 794537K [0x0000000080000000, 0x00000000b0800000, 0x00000000d5580000)
  object space 794624K, 99% used [0x0000000080000000,0x00000000b07ea5c0,0x00000000b0800000)
 Metaspace       used 74493K, committed 75968K, reserved 1179648K
  class space    used 7585K, committed 8256K, reserved 1048576K
}
Event: 1578.997 GC heap before
{Heap before GC invocations=1099 (full 4):
 PSYoungGen      total 6144K, used 5640K [0x00000000d5580000, 0x00000000d6000000, 0x0000000100000000)
  eden space 3072K, 100% used [0x00000000d5580000,0x00000000d5880000,0x00000000d5880000)
  from space 3072K, 83% used [0x00000000d5d00000,0x00000000d5f82220,0x00000000d6000000)
  to   space 3072K, 0% used [0x00000000d5a00000,0x00000000d5a00000,0x00000000d5d00000)
 ParOldGen       total 794624K, used 794537K [0x0000000080000000, 0x00000000b0800000, 0x00000000d5580000)
  object space 794624K, 99% used [0x0000000080000000,0x00000000b07ea5c0,0x00000000b0800000)
 Metaspace       used 74496K, committed 75968K, reserved 1179648K
  class space    used 7585K, committed 8256K, reserved 1048576K
}
Event: 1579.008 GC heap after
{Heap after GC invocations=1099 (full 4):
 PSYoungGen      total 7168K, used 2672K [0x00000000d5580000, 0x00000000d5f80000, 0x0000000100000000)
  eden space 4096K, 0% used [0x00000000d5580000,0x00000000d5580000,0x00000000d5980000)
  from space 3072K, 86% used [0x00000000d5a00000,0x00000000d5c9c000,0x00000000d5d00000)
  to   space 2560K, 0% used [0x00000000d5d00000,0x00000000d5d00000,0x00000000d5f80000)
 ParOldGen       total 797184K, used 797009K [0x0000000080000000, 0x00000000b0a80000, 0x00000000d5580000)
  object space 797184K, 99% used [0x0000000080000000,0x00000000b0a547e0,0x00000000b0a80000)
 Metaspace       used 74496K, committed 75968K, reserved 1179648K
  class space    used 7585K, committed 8256K, reserved 1048576K
}

